Copyright 1986-2022 Xilinx, Inc. All Rights Reserved.
-------------------------------------------------------------------------------------------------------------------------------------------------
| Tool Version     : Vivado v.2022.2 (win64) Build 3671981 Fri Oct 14 05:00:03 MDT 2022
| Date             : Wed Feb  5 23:19:22 2025
| Host             : ECEB-3022-03 running 64-bit major release  (build 9200)
| Command          : report_power -file Processor_power_routed.rpt -pb Processor_power_summary_routed.pb -rpx Processor_power_routed.rpx
| Design           : Processor
| Device           : xc7s50csga324-1
| Design State     : routed
| Grade            : commercial
| Process          : typical
| Characterization : Production
-------------------------------------------------------------------------------------------------------------------------------------------------

Power Report

Table of Contents
-----------------
1. Summary
1.1 On-Chip Components
1.2 Power Supply Summary
1.3 Confidence Level
2. Settings
2.1 Environment
2.2 Clock Constraints
3. Detailed Reports
3.1 By Hierarchy

1. Summary
----------

+--------------------------+--------------+
| Total On-Chip Power (W)  | 9.753        |
| Design Power Budget (W)  | Unspecified* |
| Power Budget Margin (W)  | NA           |
| Dynamic (W)              | 9.616        |
| Device Static (W)        | 0.137        |
| Effective TJA (C/W)      | 4.9          |
| Max Ambient (C)          | 36.8         |
| Junction Temperature (C) | 73.2         |
| Confidence Level         | Low          |
| Setting File             | ---          |
| Simulation Activity File | ---          |
| Design Nets Matched      | NA           |
+--------------------------+--------------+
* Specify Design Power Budget using, set_operating_conditions -design_power_budget <value in Watts>


1.1 On-Chip Components
----------------------

+----------------+-----------+----------+-----------+-----------------+
| On-Chip        | Power (W) | Used     | Available | Utilization (%) |
+----------------+-----------+----------+-----------+-----------------+
| Slice Logic    |     0.473 |      639 |       --- |             --- |
|   CARRY4       |     0.199 |       73 |      8150 |            0.90 |
|   Register     |     0.135 |      382 |     65200 |            0.59 |
|   LUT as Logic |     0.129 |      122 |     32600 |            0.37 |
|   BUFG         |     0.006 |        1 |        32 |            3.13 |
|   F7/F8 Muxes  |     0.004 |       21 |     32600 |            0.06 |
|   Others       |     0.000 |       37 |       --- |             --- |
| Signals        |     1.027 |      524 |       --- |             --- |
| I/O            |     8.115 |       50 |       210 |           23.81 |
| Static Power   |     0.137 |          |           |                 |
| Total          |     9.753 |          |           |                 |
+----------------+-----------+----------+-----------+-----------------+


1.2 Power Supply Summary
------------------------

+-----------+-------------+-----------+-------------+------------+-------------+-------------+------------+
| Source    | Voltage (V) | Total (A) | Dynamic (A) | Static (A) | Powerup (A) | Budget (A)  | Margin (A) |
+-----------+-------------+-----------+-------------+------------+-------------+-------------+------------+
| Vccint    |       1.000 |     1.634 |       1.573 |      0.061 |       NA    | Unspecified | NA         |
| Vccaux    |       1.800 |     0.327 |       0.308 |      0.018 |       NA    | Unspecified | NA         |
| Vcco33    |       3.300 |     1.485 |       1.484 |      0.001 |       NA    | Unspecified | NA         |
| Vcco25    |       2.500 |     1.038 |       1.037 |      0.001 |       NA    | Unspecified | NA         |
| Vcco18    |       1.800 |     0.000 |       0.000 |      0.000 |       NA    | Unspecified | NA         |
| Vcco15    |       1.500 |     0.000 |       0.000 |      0.000 |       NA    | Unspecified | NA         |
| Vcco135   |       1.350 |     0.000 |       0.000 |      0.000 |       NA    | Unspecified | NA         |
| Vcco12    |       1.200 |     0.000 |       0.000 |      0.000 |       NA    | Unspecified | NA         |
| Vccaux_io |       1.800 |     0.000 |       0.000 |      0.000 |       NA    | Unspecified | NA         |
| Vccbram   |       1.000 |     0.001 |       0.000 |      0.001 |       NA    | Unspecified | NA         |
| Vccadc    |       1.800 |     0.020 |       0.000 |      0.020 |       NA    | Unspecified | NA         |
+-----------+-------------+-----------+-------------+------------+-------------+-------------+------------+


1.3 Confidence Level
--------------------

+-----------------------------+------------+--------------------------------------------------------+--------------------------------------------------------------------------------------------------------------------+
| User Input Data             | Confidence | Details                                                | Action                                                                                                             |
+-----------------------------+------------+--------------------------------------------------------+--------------------------------------------------------------------------------------------------------------------+
| Design implementation state | High       | Design is routed                                       |                                                                                                                    |
| Clock nodes activity        | Low        | User specified less than 75% of clocks                 | Provide missing clock activity with a constraint file, simulation results or by editing the "By Clock Domain" view |
| I/O nodes activity          | Low        | More than 75% of inputs are missing user specification | Provide missing input activity with simulation results or by editing the "By Resource Type -> I/Os" view           |
| Internal nodes activity     | Medium     | User specified less than 25% of internal nodes         | Provide missing internal nodes activity with simulation results or by editing the "By Resource Type" views         |
| Device models               | High       | Device models are Production                           |                                                                                                                    |
|                             |            |                                                        |                                                                                                                    |
| Overall confidence level    | Low        |                                                        |                                                                                                                    |
+-----------------------------+------------+--------------------------------------------------------+--------------------------------------------------------------------------------------------------------------------+


2. Settings
-----------

2.1 Environment
---------------

+-----------------------+--------------------------+
| Ambient Temp (C)      | 25.0                     |
| ThetaJA (C/W)         | 4.9                      |
| Airflow (LFM)         | 250                      |
| Heat Sink             | medium (Medium Profile)  |
| ThetaSA (C/W)         | 4.6                      |
| Board Selection       | medium (10"x10")         |
| # of Board Layers     | 12to15 (12 to 15 Layers) |
| Board Temperature (C) | 25.0                     |
+-----------------------+--------------------------+


2.2 Clock Constraints
---------------------

+-------+--------+-----------------+
| Clock | Domain | Constraint (ns) |
+-------+--------+-----------------+


3. Detailed Reports
-------------------

3.1 By Hierarchy
----------------

+------------------+-----------+
| Name             | Power (W) |
+------------------+-----------+
| Processor        |     9.616 |
|   Din_sync[0]    |     0.088 |
|   Din_sync[1]    |     0.063 |
|   Din_sync[2]    |     0.079 |
|   Din_sync[3]    |     0.064 |
|   Din_sync[4]    |     0.081 |
|   Din_sync[5]    |     0.065 |
|   Din_sync[6]    |     0.077 |
|   Din_sync[7]    |     0.071 |
|   F_sync[0]      |     0.065 |
|   F_sync[1]      |     0.060 |
|   F_sync[2]      |     0.078 |
|   HexA           |     0.065 |
|   R_sync[0]      |     0.060 |
|   R_sync[1]      |     0.072 |
|   button_sync[0] |     0.059 |
|   button_sync[1] |     0.064 |
|   button_sync[2] |     0.063 |
|   button_sync[3] |     0.080 |
|   control_unit   |     0.001 |
|   reg_unit       |     0.169 |
|     reg_A        |     0.066 |
|     reg_B        |     0.103 |
+------------------+-----------+


